<?xml version="1.0" encoding="UTF-8"?>
<!-- Generated by org.testng.reporters.JUnitXMLReporter -->
<testsuite ignored="0" hostname="LAPTOP-93D1DTN6" failures="1" tests="2" name="ChromeTest" time="8.347" errors="0" timestamp="2022-11-18T00:37:03 IST">
  <testcase classname="axisbank.FdTestCase" name="testCase" time="3.43"/>
  <testcase classname="axisbank.FdTestCase" name="testCase2" time="0.004">
    <failure type="java.lang.AssertionError" message="expected [false] but found [true]">
      <![CDATA[java.lang.AssertionError: expected [false] but found [true]
at axisbank.FdTestCase.testCase2(FdTestCase.java:56)
at java.base/java.util.ArrayList.forEach(ArrayList.java:1511)
... Removed 32 stack frames]]>
    </failure>
  </testcase> <!-- testCase2 -->
</testsuite> <!-- ChromeTest -->
